<?xml version="1.0" encoding="UTF-8"?>
<!-- Generated by org.testng.reporters.JUnitXMLReporter -->
<testsuite hostname="DESKTOP-RG00TM9" ignored="2" name="chromeWindowsLocal" tests="1" failures="0" timestamp="11 May 2018 18:00:25 GMT" time="5.417" errors="0">
  <testcase name="Type1WebCall" time="4.707" classname="com.demo.test.FirstProgram"/>
  <testcase name="Type3WebCall" time="0.0" classname="com.demo.test.FirstProgram">
    <ignored/>
  </testcase> <!-- Type3WebCall -->
  <testcase name="Type2WebCall" time="0.0" classname="com.demo.test.FirstProgram">
    <ignored/>
  </testcase> <!-- Type2WebCall -->
</testsuite> <!-- chromeWindowsLocal -->
