<?xml version="1.0" encoding="UTF-8"?>
<testng-results skipped="0" failed="0" ignored="2" total="3" passed="1">
  <reporter-output>
  </reporter-output>
  <suite name="Automation Test Suite" duration-ms="5417" started-at="2018-05-11T18:00:20Z" finished-at="2018-05-11T18:00:25Z">
    <groups>
    </groups>
    <test name="chromeWindowsLocal" duration-ms="5417" started-at="2018-05-11T18:00:20Z" finished-at="2018-05-11T18:00:25Z">
      <class name="com.demo.test.FirstProgram">
        <test-method status="PASS" signature="beforeSuite()[pri:0, instance:com.demo.test.FirstProgram@16293aa2]" name="beforeSuite" is-config="true" duration-ms="47" started-at="2018-05-11T18:00:20Z" finished-at="2018-05-11T18:00:20Z">
          <reporter-output>
          </reporter-output>
        </test-method> <!-- beforeSuite -->
        <test-method status="PASS" signature="beforeTest()[pri:0, instance:com.demo.test.FirstProgram@16293aa2]" name="beforeTest" is-config="true" duration-ms="0" started-at="2018-05-11T18:00:20Z" finished-at="2018-05-11T18:00:20Z">
          <reporter-output>
          </reporter-output>
        </test-method> <!-- beforeTest -->
        <test-method status="PASS" signature="beforeMethod(java.lang.reflect.Method)[pri:0, instance:com.demo.test.FirstProgram@16293aa2]" name="beforeMethod" is-config="true" duration-ms="113" started-at="2018-05-11T18:00:20Z" finished-at="2018-05-11T18:00:20Z">
          <params>
            <param index="0">
              <value>
                <![CDATA[public void com.demo.test.FirstProgram.Type1WebCall(java.util.Hashtable)]]>
              </value>
            </param>
          </params>
          <reporter-output>
          </reporter-output>
        </test-method> <!-- beforeMethod -->
        <test-method status="PASS" signature="Type1WebCall(java.util.Hashtable)[pri:0, instance:com.demo.test.FirstProgram@16293aa2]" name="Type1WebCall" duration-ms="4707" started-at="2018-05-11T18:00:20Z" data-provider="Type1WebCallDP" finished-at="2018-05-11T18:00:25Z">
          <params>
            <param index="0">
              <value>
                <![CDATA[{RunMode=Y, BaseURI=http://api.walmartlabs.com, ResourcePath=/v1/search}]]>
              </value>
            </param>
          </params>
          <reporter-output>
          </reporter-output>
        </test-method> <!-- Type1WebCall -->
        <test-method status="PASS" signature="afterMethod(org.testng.ITestResult)[pri:0, instance:com.demo.test.FirstProgram@16293aa2]" name="afterMethod" is-config="true" duration-ms="405" started-at="2018-05-11T18:00:25Z" finished-at="2018-05-11T18:00:25Z">
          <params>
            <param index="0">
              <value>
                <![CDATA[[TestResult name=Type1WebCall status=SUCCESS method=FirstProgram.Type1WebCall(java.util.Hashtable)[pri:0, instance:com.demo.test.FirstProgram@16293aa2] output={null}]]]>
              </value>
            </param>
          </params>
          <reporter-output>
          </reporter-output>
        </test-method> <!-- afterMethod -->
        <test-method status="PASS" signature="afterTest()[pri:0, instance:com.demo.test.FirstProgram@16293aa2]" name="afterTest" is-config="true" duration-ms="0" started-at="2018-05-11T18:00:25Z" finished-at="2018-05-11T18:00:25Z">
          <reporter-output>
          </reporter-output>
        </test-method> <!-- afterTest -->
        <test-method status="PASS" signature="afterSuite()[pri:0, instance:com.demo.test.FirstProgram@16293aa2]" name="afterSuite" is-config="true" duration-ms="1" started-at="2018-05-11T18:00:25Z" finished-at="2018-05-11T18:00:25Z">
          <reporter-output>
          </reporter-output>
        </test-method> <!-- afterSuite -->
      </class> <!-- com.demo.test.FirstProgram -->
    </test> <!-- chromeWindowsLocal -->
  </suite> <!-- Automation Test Suite -->
</testng-results>
